#
# There is insufficient memory for the Java Runtime Environment to continue.
# Native memory allocation (malloc) failed to allocate 827920 bytes. Error detail: Chunk::new
# Possible reasons:
#   The system is out of physical RAM or swap space
#   This process is running with CompressedOops enabled, and the Java Heap may be blocking the growth of the native heap
# Possible solutions:
#   Reduce memory load on the system
#   Increase physical memory or swap space
#   Check if swap backing store is full
#   Decrease Java heap size (-Xmx/-Xms)
#   Decrease number of Java threads
#   Decrease Java thread stack sizes (-Xss)
#   Set larger code cache with -XX:ReservedCodeCacheSize=
#   JVM is running with Unscaled Compressed Oops mode in which the Java heap is
#     placed in the first 4GB address space. The Java Heap base address is the
#     maximum limit for the native heap growth. Please use -XX:HeapBaseMinAddress
#     to set the Java Heap base and to place the Java Heap above 4GB virtual address.
# This output file may be truncated or incomplete.
#
#  Out of Memory Error (arena.cpp:149), pid=9600, tid=8404
#
# JRE version: OpenJDK Runtime Environment (23.0.1+11) (build 23.0.1+11-39)
# Java VM: OpenJDK 64-Bit Server VM (23.0.1+11-39, mixed mode, sharing, tiered, compressed oops, compressed class ptrs, g1 gc, windows-amd64)
# No core dump will be written. Minidumps are not enabled by default on client versions of Windows
#

---------------  S U M M A R Y ------------

Command Line: -javaagent:C:\Program Files\JetBrains\IntelliJ IDEA Community Edition 2024.2.3\lib\idea_rt.jar=56826:C:\Program Files\JetBrains\IntelliJ IDEA Community Edition 2024.2.3\bin -Dfile.encoding=UTF-8 -Dsun.stdout.encoding=UTF-8 -Dsun.stderr.encoding=UTF-8 com.devsuperior.dsCamadaCrudExcVal.DsCamadaCrudExcValApplication

Host: Intel(R) Core(TM) i7-5500U CPU @ 2.40GHz, 3 cores, 7G,  Windows 10 , 64 bit Build 19041 (10.0.19041.5198)
Time: Tue Dec 24 17:15:54 2024 Hora oficial do Brasil elapsed time: 2.196253 seconds (0d 0h 0m 2s)

---------------  T H R E A D  ---------------

Current thread (0x000001c5f611d4d0):  JavaThread "C2 CompilerThread0" daemon [_thread_in_native, id=8404, stack(0x0000004160a00000,0x0000004160b00000) (1024K)]


Current CompileTask:
C2:2196 1824       4       org.springframework.boot.context.properties.source.ConfigurationPropertyName$ElementsParser::parse (234 bytes)

Stack: [0x0000004160a00000,0x0000004160b00000]
Native frames: (J=compiled Java code, j=interpreted, Vv=VM code, C=native code)
V  [jvm.dll+0x6e08b9]  (no source info available)
V  [jvm.dll+0x87dc83]  (no source info available)
V  [jvm.dll+0x88010e]  (no source info available)
V  [jvm.dll+0x8807e3]  (no source info available)
V  [jvm.dll+0x27aee6]  (no source info available)
V  [jvm.dll+0xbc06f]  (no source info available)
V  [jvm.dll+0xbc2cb]  (no source info available)
V  [jvm.dll+0x3b3a9c]  (no source info available)
V  [jvm.dll+0x38a42b]  (no source info available)
V  [jvm.dll+0x38989a]  (no source info available)
V  [jvm.dll+0x244aa1]  (no source info available)
V  [jvm.dll+0x243dff]  (no source info available)
V  [jvm.dll+0x1c33a0]  (no source info available)
V  [jvm.dll+0x253cf1]  (no source info available)
V  [jvm.dll+0x251faa]  (no source info available)
V  [jvm.dll+0x3ee036]  (no source info available)
V  [jvm.dll+0x824f8b]  (no source info available)
V  [jvm.dll+0x6df065]  (no source info available)
C  [ucrtbase.dll+0x21bb2]  (no source info available)
C  [KERNEL32.DLL+0x17374]  (no source info available)
C  [ntdll.dll+0x4cc91]  (no source info available)

Lock stack of current Java thread (top to bottom):


---------------  P R O C E S S  ---------------

Threads class SMR info:
_java_thread_list=0x000001c5c5eadcb0, length=13, elements={
0x000001c5d7b89110, 0x000001c5f6112dc0, 0x000001c5f6117bb0, 0x000001c5f6118810,
0x000001c5f611b280, 0x000001c5f611bce0, 0x000001c5f611c740, 0x000001c5f611d4d0,
0x000001c5f61531b0, 0x000001c5c50bcd30, 0x000001c5c53f25b0, 0x000001c5c550d0e0,
0x000001c5c5ed85d0
}

Java Threads: ( => current thread )
  0x000001c5d7b89110 JavaThread "main"                              [_thread_blocked, id=12000, stack(0x000000415fc00000,0x000000415fd00000) (1024K)]
  0x000001c5f6112dc0 JavaThread "Reference Handler"          daemon [_thread_blocked, id=6120, stack(0x0000004160400000,0x0000004160500000) (1024K)]
  0x000001c5f6117bb0 JavaThread "Finalizer"                  daemon [_thread_blocked, id=5260, stack(0x0000004160500000,0x0000004160600000) (1024K)]
  0x000001c5f6118810 JavaThread "Signal Dispatcher"          daemon [_thread_blocked, id=1656, stack(0x0000004160600000,0x0000004160700000) (1024K)]
  0x000001c5f611b280 JavaThread "Attach Listener"            daemon [_thread_blocked, id=1372, stack(0x0000004160700000,0x0000004160800000) (1024K)]
  0x000001c5f611bce0 JavaThread "Service Thread"             daemon [_thread_blocked, id=8556, stack(0x0000004160800000,0x0000004160900000) (1024K)]
  0x000001c5f611c740 JavaThread "Monitor Deflation Thread"   daemon [_thread_blocked, id=5000, stack(0x0000004160900000,0x0000004160a00000) (1024K)]
=>0x000001c5f611d4d0 JavaThread "C2 CompilerThread0"         daemon [_thread_in_native, id=8404, stack(0x0000004160a00000,0x0000004160b00000) (1024K)]
  0x000001c5f61531b0 JavaThread "C1 CompilerThread0"         daemon [_thread_blocked, id=8032, stack(0x0000004160b00000,0x0000004160c00000) (1024K)]
  0x000001c5c50bcd30 JavaThread "Common-Cleaner"             daemon [_thread_blocked, id=11248, stack(0x0000004160c00000,0x0000004160d00000) (1024K)]
  0x000001c5c53f25b0 JavaThread "Monitor Ctrl-Break"         daemon [_thread_in_native, id=12116, stack(0x0000004160d00000,0x0000004160e00000) (1024K)]
  0x000001c5c550d0e0 JavaThread "Notification Thread"        daemon [_thread_blocked, id=3384, stack(0x0000004160e00000,0x0000004160f00000) (1024K)]
  0x000001c5c5ed85d0 JavaThread "background-preinit"                [_thread_in_vm, id=6916, stack(0x0000004161100000,0x0000004161200000) (1024K)]
Total: 13

Other Threads:
  0x000001c5f60fa5b0 VMThread "VM Thread"                           [id=244, stack(0x0000004160300000,0x0000004160400000) (1024K)]
  0x000001c5f60e7fb0 WatcherThread "VM Periodic Task Thread"        [id=10220, stack(0x0000004160200000,0x0000004160300000) (1024K)]
  0x000001c5d9ed0720 WorkerThread "GC Thread#0"                     [id=8616, stack(0x000000415fd00000,0x000000415fe00000) (1024K)]
  0x000001c5c55c1920 WorkerThread "GC Thread#1"                     [id=8476, stack(0x0000004160f00000,0x0000004161000000) (1024K)]
  0x000001c5c55c1cd0 WorkerThread "GC Thread#2"                     [id=8780, stack(0x0000004161000000,0x0000004161100000) (1024K)]
  0x000001c5d9ee6370 ConcurrentGCThread "G1 Main Marker"            [id=6848, stack(0x000000415fe00000,0x000000415ff00000) (1024K)]
  0x000001c5d9ee6d90 WorkerThread "G1 Conc#0"                       [id=576, stack(0x000000415ff00000,0x0000004160000000) (1024K)]
  0x000001c5d9f3e620 ConcurrentGCThread "G1 Refine#0"               [id=3928, stack(0x0000004160000000,0x0000004160100000) (1024K)]
  0x000001c5f5fac280 ConcurrentGCThread "G1 Service"                [id=8540, stack(0x0000004160100000,0x0000004160200000) (1024K)]
Total: 9

Threads with active compile tasks:
C2 CompilerThread0  2487 1824       4       org.springframework.boot.context.properties.source.ConfigurationPropertyName$ElementsParser::parse (234 bytes)
Total: 1

VM state: not at safepoint (normal execution)

VM Mutex/Monitor currently owned by a thread: None

OutOfMemory and StackOverflow Exception counts:
OutOfMemoryError java_heap_errors=1
LinkageErrors=42

Heap address: 0x0000000081400000, size: 2028 MB, Compressed Oops mode: 32-bit

CDS archive(s) mapped at: [0x000001c580000000-0x000001c580d70000-0x000001c580d70000), size 14090240, SharedBaseAddress: 0x000001c580000000, ArchiveRelocationMode: 1.
Compressed class space mapped at: 0x000001c581000000-0x000001c5c1000000, reserved size: 1073741824
Narrow klass base: 0x000001c580000000, Narrow klass shift: 0, Narrow klass range: 0x41000000

GC Precious Log:
 CardTable entry size: 512
 Card Set container configuration: InlinePtr #cards 5 size 8 Array Of Cards #cards 10 size 36 Howl #buckets 4 coarsen threshold 1843 Howl Bitmap #cards 512 size 80 coarsen threshold 460 Card regions per heap region 1 cards per card region 2048
 CPUs: 3 total, 3 available
 Memory: 8106M
 Large Page Support: Disabled
 NUMA Support: Disabled
 Compressed Oops: Enabled (32-bit)
 Heap Region Size: 1M
 Heap Min Capacity: 8M
 Heap Initial Capacity: 128M
 Heap Max Capacity: 2028M
 Pre-touch: Disabled
 Parallel Workers: 3
 Concurrent Workers: 1
 Concurrent Refinement Workers: 3
 Periodic GC: Disabled

Heap:
 garbage-first heap   total reserved 2076672K, committed 131072K, used 9641K [0x0000000081400000, 0x0000000100000000)
  region size 1024K, 4 young (4096K), 3 survivors (3072K)
 Metaspace       used 11841K, committed 12096K, reserved 1114112K
  class space    used 1595K, committed 1728K, reserved 1048576K

Heap Regions: E=young(eden), S=young(survivor), O=old, HS=humongous(starts), HC=humongous(continues), CS=collection set, F=free, TAMS=top-at-mark-start, PB=parsable bottom
|   0|0x0000000081400000, 0x0000000081500000, 0x0000000081500000|100%|HS|  |TAMS 0x0000000081400000| PB 0x0000000081400000| Complete |  0
|   1|0x0000000081500000, 0x0000000081600000, 0x0000000081600000|100%|HS|  |TAMS 0x0000000081500000| PB 0x0000000081500000| Complete |  0
|   2|0x0000000081600000, 0x0000000081700000, 0x0000000081700000|100%| O|  |TAMS 0x0000000081600000| PB 0x0000000081600000| Untracked |  0
|   3|0x0000000081700000, 0x0000000081800000, 0x0000000081800000|100%| O|  |TAMS 0x0000000081700000| PB 0x0000000081700000| Untracked |  0
|   4|0x0000000081800000, 0x0000000081900000, 0x0000000081900000|100%| O|  |TAMS 0x0000000081800000| PB 0x0000000081800000| Untracked |  0
|   5|0x0000000081900000, 0x0000000081a00000, 0x0000000081a00000|100%| O|  |TAMS 0x0000000081900000| PB 0x0000000081900000| Untracked |  0
|   6|0x0000000081a00000, 0x0000000081add2d0, 0x0000000081b00000| 86%| O|  |TAMS 0x0000000081a00000| PB 0x0000000081a00000| Untracked |  0
|   7|0x0000000081b00000, 0x0000000081b00000, 0x0000000081c00000|  0%| F|  |TAMS 0x0000000081b00000| PB 0x0000000081b00000| Untracked |  0
|   8|0x0000000081c00000, 0x0000000081c00000, 0x0000000081d00000|  0%| F|  |TAMS 0x0000000081c00000| PB 0x0000000081c00000| Untracked |  0
|   9|0x0000000081d00000, 0x0000000081d00000, 0x0000000081e00000|  0%| F|  |TAMS 0x0000000081d00000| PB 0x0000000081d00000| Untracked |  0
|  10|0x0000000081e00000, 0x0000000081e00000, 0x0000000081f00000|  0%| F|  |TAMS 0x0000000081e00000| PB 0x0000000081e00000| Untracked |  0
|  11|0x0000000081f00000, 0x0000000081f00000, 0x0000000082000000|  0%| F|  |TAMS 0x0000000081f00000| PB 0x0000000081f00000| Untracked |  0
|  12|0x0000000082000000, 0x0000000082000000, 0x0000000082100000|  0%| F|  |TAMS 0x0000000082000000| PB 0x0000000082000000| Untracked |  0
|  13|0x0000000082100000, 0x0000000082100000, 0x0000000082200000|  0%| F|  |TAMS 0x0000000082100000| PB 0x0000000082100000| Untracked |  0
|  14|0x0000000082200000, 0x0000000082200000, 0x0000000082300000|  0%| F|  |TAMS 0x0000000082200000| PB 0x0000000082200000| Untracked |  0
|  15|0x0000000082300000, 0x0000000082300000, 0x0000000082400000|  0%| F|  |TAMS 0x0000000082300000| PB 0x0000000082300000| Untracked |  0
|  16|0x0000000082400000, 0x0000000082400000, 0x0000000082500000|  0%| F|  |TAMS 0x0000000082400000| PB 0x0000000082400000| Untracked |  0
|  17|0x0000000082500000, 0x0000000082500000, 0x0000000082600000|  0%| F|  |TAMS 0x0000000082500000| PB 0x0000000082500000| Untracked |  0
|  18|0x0000000082600000, 0x0000000082600000, 0x0000000082700000|  0%| F|  |TAMS 0x0000000082600000| PB 0x0000000082600000| Untracked |  0
|  19|0x0000000082700000, 0x0000000082700000, 0x0000000082800000|  0%| F|  |TAMS 0x0000000082700000| PB 0x0000000082700000| Untracked |  0
|  20|0x0000000082800000, 0x0000000082800000, 0x0000000082900000|  0%| F|  |TAMS 0x0000000082800000| PB 0x0000000082800000| Untracked |  0
|  21|0x0000000082900000, 0x0000000082900000, 0x0000000082a00000|  0%| F|  |TAMS 0x0000000082900000| PB 0x0000000082900000| Untracked |  0
|  22|0x0000000082a00000, 0x0000000082a00000, 0x0000000082b00000|  0%| F|  |TAMS 0x0000000082a00000| PB 0x0000000082a00000| Untracked |  0
|  23|0x0000000082b00000, 0x0000000082b00000, 0x0000000082c00000|  0%| F|  |TAMS 0x0000000082b00000| PB 0x0000000082b00000| Untracked |  0
|  24|0x0000000082c00000, 0x0000000082c00000, 0x0000000082d00000|  0%| F|  |TAMS 0x0000000082c00000| PB 0x0000000082c00000| Untracked |  0
|  25|0x0000000082d00000, 0x0000000082d00000, 0x0000000082e00000|  0%| F|  |TAMS 0x0000000082d00000| PB 0x0000000082d00000| Untracked |  0
|  26|0x0000000082e00000, 0x0000000082e00000, 0x0000000082f00000|  0%| F|  |TAMS 0x0000000082e00000| PB 0x0000000082e00000| Untracked |  0
|  27|0x0000000082f00000, 0x0000000082f00000, 0x0000000083000000|  0%| F|  |TAMS 0x0000000082f00000| PB 0x0000000082f00000| Untracked |  0
|  28|0x0000000083000000, 0x0000000083000000, 0x0000000083100000|  0%| F|  |TAMS 0x0000000083000000| PB 0x0000000083000000| Untracked |  0
|  29|0x0000000083100000, 0x0000000083100000, 0x0000000083200000|  0%| F|  |TAMS 0x0000000083100000| PB 0x0000000083100000| Untracked |  0
|  30|0x0000000083200000, 0x0000000083200000, 0x0000000083300000|  0%| F|  |TAMS 0x0000000083200000| PB 0x0000000083200000| Untracked |  0
|  31|0x0000000083300000, 0x0000000083300000, 0x0000000083400000|  0%| F|  |TAMS 0x0000000083300000| PB 0x0000000083300000| Untracked |  0
|  32|0x0000000083400000, 0x0000000083400000, 0x0000000083500000|  0%| F|  |TAMS 0x0000000083400000| PB 0x0000000083400000| Untracked |  0
|  33|0x0000000083500000, 0x0000000083500000, 0x0000000083600000|  0%| F|  |TAMS 0x0000000083500000| PB 0x0000000083500000| Untracked |  0
|  34|0x0000000083600000, 0x0000000083600000, 0x0000000083700000|  0%| F|  |TAMS 0x0000000083600000| PB 0x0000000083600000| Untracked |  0
|  35|0x0000000083700000, 0x0000000083700000, 0x0000000083800000|  0%| F|  |TAMS 0x0000000083700000| PB 0x0000000083700000| Untracked |  0
|  36|0x0000000083800000, 0x0000000083800000, 0x0000000083900000|  0%| F|  |TAMS 0x0000000083800000| PB 0x0000000083800000| Untracked |  0
|  37|0x0000000083900000, 0x0000000083900000, 0x0000000083a00000|  0%| F|  |TAMS 0x0000000083900000| PB 0x0000000083900000| Untracked |  0
|  38|0x0000000083a00000, 0x0000000083a00000, 0x0000000083b00000|  0%| F|  |TAMS 0x0000000083a00000| PB 0x0000000083a00000| Untracked |  0
|  39|0x0000000083b00000, 0x0000000083b00000, 0x0000000083c00000|  0%| F|  |TAMS 0x0000000083b00000| PB 0x0000000083b00000| Untracked |  0
|  40|0x0000000083c00000, 0x0000000083c00000, 0x0000000083d00000|  0%| F|  |TAMS 0x0000000083c00000| PB 0x0000000083c00000| Untracked |  0
|  41|0x0000000083d00000, 0x0000000083d00000, 0x0000000083e00000|  0%| F|  |TAMS 0x0000000083d00000| PB 0x0000000083d00000| Untracked |  0
|  42|0x0000000083e00000, 0x0000000083e00000, 0x0000000083f00000|  0%| F|  |TAMS 0x0000000083e00000| PB 0x0000000083e00000| Untracked |  0
|  43|0x0000000083f00000, 0x0000000083f00000, 0x0000000084000000|  0%| F|  |TAMS 0x0000000083f00000| PB 0x0000000083f00000| Untracked |  0
|  44|0x0000000084000000, 0x0000000084000000, 0x0000000084100000|  0%| F|  |TAMS 0x0000000084000000| PB 0x0000000084000000| Untracked |  0
|  45|0x0000000084100000, 0x0000000084100000, 0x0000000084200000|  0%| F|  |TAMS 0x0000000084100000| PB 0x0000000084100000| Untracked |  0
|  46|0x0000000084200000, 0x0000000084200000, 0x0000000084300000|  0%| F|  |TAMS 0x0000000084200000| PB 0x0000000084200000| Untracked |  0
|  47|0x0000000084300000, 0x0000000084300000, 0x0000000084400000|  0%| F|  |TAMS 0x0000000084300000| PB 0x0000000084300000| Untracked |  0
|  48|0x0000000084400000, 0x0000000084400000, 0x0000000084500000|  0%| F|  |TAMS 0x0000000084400000| PB 0x0000000084400000| Untracked |  0
|  49|0x0000000084500000, 0x0000000084500000, 0x0000000084600000|  0%| F|  |TAMS 0x0000000084500000| PB 0x0000000084500000| Untracked |  0
|  50|0x0000000084600000, 0x0000000084600000, 0x0000000084700000|  0%| F|  |TAMS 0x0000000084600000| PB 0x0000000084600000| Untracked |  0
|  51|0x0000000084700000, 0x0000000084700000, 0x0000000084800000|  0%| F|  |TAMS 0x0000000084700000| PB 0x0000000084700000| Untracked |  0
|  52|0x0000000084800000, 0x0000000084800000, 0x0000000084900000|  0%| F|  |TAMS 0x0000000084800000| PB 0x0000000084800000| Untracked |  0
|  53|0x0000000084900000, 0x0000000084900000, 0x0000000084a00000|  0%| F|  |TAMS 0x0000000084900000| PB 0x0000000084900000| Untracked |  0
|  54|0x0000000084a00000, 0x0000000084a00000, 0x0000000084b00000|  0%| F|  |TAMS 0x0000000084a00000| PB 0x0000000084a00000| Untracked |  0
|  55|0x0000000084b00000, 0x0000000084b00000, 0x0000000084c00000|  0%| F|  |TAMS 0x0000000084b00000| PB 0x0000000084b00000| Untracked |  0
|  56|0x0000000084c00000, 0x0000000084c00000, 0x0000000084d00000|  0%| F|  |TAMS 0x0000000084c00000| PB 0x0000000084c00000| Untracked |  0
|  57|0x0000000084d00000, 0x0000000084d00000, 0x0000000084e00000|  0%| F|  |TAMS 0x0000000084d00000| PB 0x0000000084d00000| Untracked |  0
|  58|0x0000000084e00000, 0x0000000084e00000, 0x0000000084f00000|  0%| F|  |TAMS 0x0000000084e00000| PB 0x0000000084e00000| Untracked |  0
|  59|0x0000000084f00000, 0x0000000084f00000, 0x0000000085000000|  0%| F|  |TAMS 0x0000000084f00000| PB 0x0000000084f00000| Untracked |  0
|  60|0x0000000085000000, 0x0000000085000000, 0x0000000085100000|  0%| F|  |TAMS 0x0000000085000000| PB 0x0000000085000000| Untracked |  0
|  61|0x0000000085100000, 0x0000000085100000, 0x0000000085200000|  0%| F|  |TAMS 0x0000000085100000| PB 0x0000000085100000| Untracked |  0
|  62|0x0000000085200000, 0x0000000085200000, 0x0000000085300000|  0%| F|  |TAMS 0x0000000085200000| PB 0x0000000085200000| Untracked |  0
|  63|0x0000000085300000, 0x0000000085300000, 0x0000000085400000|  0%| F|  |TAMS 0x0000000085300000| PB 0x0000000085300000| Untracked |  0
|  64|0x0000000085400000, 0x0000000085400000, 0x0000000085500000|  0%| F|  |TAMS 0x0000000085400000| PB 0x0000000085400000| Untracked |  0
|  65|0x0000000085500000, 0x0000000085500000, 0x0000000085600000|  0%| F|  |TAMS 0x0000000085500000| PB 0x0000000085500000| Untracked |  0
|  66|0x0000000085600000, 0x0000000085600000, 0x0000000085700000|  0%| F|  |TAMS 0x0000000085600000| PB 0x0000000085600000| Untracked |  0
|  67|0x0000000085700000, 0x0000000085700000, 0x0000000085800000|  0%| F|  |TAMS 0x0000000085700000| PB 0x0000000085700000| Untracked |  0
|  68|0x0000000085800000, 0x0000000085800000, 0x0000000085900000|  0%| F|  |TAMS 0x0000000085800000| PB 0x0000000085800000| Untracked |  0
|  69|0x0000000085900000, 0x0000000085900000, 0x0000000085a00000|  0%| F|  |TAMS 0x0000000085900000| PB 0x0000000085900000| Untracked |  0
|  70|0x0000000085a00000, 0x0000000085a00000, 0x0000000085b00000|  0%| F|  |TAMS 0x0000000085a00000| PB 0x0000000085a00000| Untracked |  0
|  71|0x0000000085b00000, 0x0000000085b00000, 0x0000000085c00000|  0%| F|  |TAMS 0x0000000085b00000| PB 0x0000000085b00000| Untracked |  0
|  72|0x0000000085c00000, 0x0000000085c00000, 0x0000000085d00000|  0%| F|  |TAMS 0x0000000085c00000| PB 0x0000000085c00000| Untracked |  0
|  73|0x0000000085d00000, 0x0000000085d00000, 0x0000000085e00000|  0%| F|  |TAMS 0x0000000085d00000| PB 0x0000000085d00000| Untracked |  0
|  74|0x0000000085e00000, 0x0000000085e00000, 0x0000000085f00000|  0%| F|  |TAMS 0x0000000085e00000| PB 0x0000000085e00000| Untracked |  0
|  75|0x0000000085f00000, 0x0000000085f00000, 0x0000000086000000|  0%| F|  |TAMS 0x0000000085f00000| PB 0x0000000085f00000| Untracked |  0
|  76|0x0000000086000000, 0x0000000086000000, 0x0000000086100000|  0%| F|  |TAMS 0x0000000086000000| PB 0x0000000086000000| Untracked |  0
|  77|0x0000000086100000, 0x0000000086100000, 0x0000000086200000|  0%| F|  |TAMS 0x0000000086100000| PB 0x0000000086100000| Untracked |  0
|  78|0x0000000086200000, 0x0000000086200000, 0x0000000086300000|  0%| F|  |TAMS 0x0000000086200000| PB 0x0000000086200000| Untracked |  0
|  79|0x0000000086300000, 0x0000000086300000, 0x0000000086400000|  0%| F|  |TAMS 0x0000000086300000| PB 0x0000000086300000| Untracked |  0
|  80|0x0000000086400000, 0x0000000086400000, 0x0000000086500000|  0%| F|  |TAMS 0x0000000086400000| PB 0x0000000086400000| Untracked |  0
|  81|0x0000000086500000, 0x0000000086500000, 0x0000000086600000|  0%| F|  |TAMS 0x0000000086500000| PB 0x0000000086500000| Untracked |  0
|  82|0x0000000086600000, 0x0000000086600000, 0x0000000086700000|  0%| F|  |TAMS 0x0000000086600000| PB 0x0000000086600000| Untracked |  0
|  83|0x0000000086700000, 0x0000000086700000, 0x0000000086800000|  0%| F|  |TAMS 0x0000000086700000| PB 0x0000000086700000| Untracked |  0
|  84|0x0000000086800000, 0x0000000086800000, 0x0000000086900000|  0%| F|  |TAMS 0x0000000086800000| PB 0x0000000086800000| Untracked |  0
|  85|0x0000000086900000, 0x0000000086900000, 0x0000000086a00000|  0%| F|  |TAMS 0x0000000086900000| PB 0x0000000086900000| Untracked |  0
|  86|0x0000000086a00000, 0x0000000086a00000, 0x0000000086b00000|  0%| F|  |TAMS 0x0000000086a00000| PB 0x0000000086a00000| Untracked |  0
|  87|0x0000000086b00000, 0x0000000086b00000, 0x0000000086c00000|  0%| F|  |TAMS 0x0000000086b00000| PB 0x0000000086b00000| Untracked |  0
|  88|0x0000000086c00000, 0x0000000086c00000, 0x0000000086d00000|  0%| F|  |TAMS 0x0000000086c00000| PB 0x0000000086c00000| Untracked |  0
|  89|0x0000000086d00000, 0x0000000086d00000, 0x0000000086e00000|  0%| F|  |TAMS 0x0000000086d00000| PB 0x0000000086d00000| Untracked |  0
|  90|0x0000000086e00000, 0x0000000086e00000, 0x0000000086f00000|  0%| F|  |TAMS 0x0000000086e00000| PB 0x0000000086e00000| Untracked |  0
|  91|0x0000000086f00000, 0x0000000086f00000, 0x0000000087000000|  0%| F|  |TAMS 0x0000000086f00000| PB 0x0000000086f00000| Untracked |  0
|  92|0x0000000087000000, 0x0000000087000000, 0x0000000087100000|  0%| F|  |TAMS 0x0000000087000000| PB 0x0000000087000000| Untracked |  0
|  93|0x0000000087100000, 0x0000000087100000, 0x0000000087200000|  0%| F|  |TAMS 0x0000000087100000| PB 0x0000000087100000| Untracked |  0
|  94|0x0000000087200000, 0x0000000087200000, 0x0000000087300000|  0%| F|  |TAMS 0x0000000087200000| PB 0x0000000087200000| Untracked |  0
|  95|0x0000000087300000, 0x0000000087300000, 0x0000000087400000|  0%| F|  |TAMS 0x0000000087300000| PB 0x0000000087300000| Untracked |  0
|  96|0x0000000087400000, 0x0000000087400000, 0x0000000087500000|  0%| F|  |TAMS 0x0000000087400000| PB 0x0000000087400000| Untracked |  0
|  97|0x0000000087500000, 0x0000000087500000, 0x0000000087600000|  0%| F|  |TAMS 0x0000000087500000| PB 0x0000000087500000| Untracked |  0
|  98|0x0000000087600000, 0x0000000087600000, 0x0000000087700000|  0%| F|  |TAMS 0x0000000087600000| PB 0x0000000087600000| Untracked |  0
|  99|0x0000000087700000, 0x0000000087700000, 0x0000000087800000|  0%| F|  |TAMS 0x0000000087700000| PB 0x0000000087700000| Untracked |  0
| 100|0x0000000087800000, 0x0000000087800000, 0x0000000087900000|  0%| F|  |TAMS 0x0000000087800000| PB 0x0000000087800000| Untracked |  0
| 101|0x0000000087900000, 0x0000000087900000, 0x0000000087a00000|  0%| F|  |TAMS 0x0000000087900000| PB 0x0000000087900000| Untracked |  0
| 102|0x0000000087a00000, 0x0000000087a00000, 0x0000000087b00000|  0%| F|  |TAMS 0x0000000087a00000| PB 0x0000000087a00000| Untracked |  0
| 103|0x0000000087b00000, 0x0000000087b00000, 0x0000000087c00000|  0%| F|  |TAMS 0x0000000087b00000| PB 0x0000000087b00000| Untracked |  0
| 104|0x0000000087c00000, 0x0000000087c00000, 0x0000000087d00000|  0%| F|  |TAMS 0x0000000087c00000| PB 0x0000000087c00000| Untracked |  0
| 105|0x0000000087d00000, 0x0000000087d00000, 0x0000000087e00000|  0%| F|  |TAMS 0x0000000087d00000| PB 0x0000000087d00000| Untracked |  0
| 106|0x0000000087e00000, 0x0000000087e00000, 0x0000000087f00000|  0%| F|  |TAMS 0x0000000087e00000| PB 0x0000000087e00000| Untracked |  0
| 107|0x0000000087f00000, 0x0000000087f8d220, 0x0000000088000000| 55%| S|CS|TAMS 0x0000000087f00000| PB 0x0000000087f00000| Complete |  0
| 108|0x0000000088000000, 0x0000000088100000, 0x0000000088100000|100%| S|CS|TAMS 0x0000000088000000| PB 0x0000000088000000| Complete |  0
| 109|0x0000000088100000, 0x0000000088200000, 0x0000000088200000|100%| S|CS|TAMS 0x0000000088100000| PB 0x0000000088100000| Complete |  0
| 110|0x0000000088200000, 0x0000000088200000, 0x0000000088300000|  0%| F|  |TAMS 0x0000000088200000| PB 0x0000000088200000| Untracked |  0
| 111|0x0000000088300000, 0x0000000088300000, 0x0000000088400000|  0%| F|  |TAMS 0x0000000088300000| PB 0x0000000088300000| Untracked |  0
| 112|0x0000000088400000, 0x0000000088400000, 0x0000000088500000|  0%| F|  |TAMS 0x0000000088400000| PB 0x0000000088400000| Untracked |  0
| 113|0x0000000088500000, 0x0000000088500000, 0x0000000088600000|  0%| F|  |TAMS 0x0000000088500000| PB 0x0000000088500000| Untracked |  0
| 114|0x0000000088600000, 0x0000000088600000, 0x0000000088700000|  0%| F|  |TAMS 0x0000000088600000| PB 0x0000000088600000| Untracked |  0
| 115|0x0000000088700000, 0x0000000088700000, 0x0000000088800000|  0%| F|  |TAMS 0x0000000088700000| PB 0x0000000088700000| Untracked |  0
| 116|0x0000000088800000, 0x0000000088800000, 0x0000000088900000|  0%| F|  |TAMS 0x0000000088800000| PB 0x0000000088800000| Untracked |  0
| 117|0x0000000088900000, 0x0000000088900000, 0x0000000088a00000|  0%| F|  |TAMS 0x0000000088900000| PB 0x0000000088900000| Untracked |  0
| 118|0x0000000088a00000, 0x0000000088a00000, 0x0000000088b00000|  0%| F|  |TAMS 0x0000000088a00000| PB 0x0000000088a00000| Untracked |  0
| 119|0x0000000088b00000, 0x0000000088b00000, 0x0000000088c00000|  0%| F|  |TAMS 0x0000000088b00000| PB 0x0000000088b00000| Untracked |  0
| 120|0x0000000088c00000, 0x0000000088c00000, 0x0000000088d00000|  0%| F|  |TAMS 0x0000000088c00000| PB 0x0000000088c00000| Untracked |  0
| 121|0x0000000088d00000, 0x0000000088d00000, 0x0000000088e00000|  0%| F|  |TAMS 0x0000000088d00000| PB 0x0000000088d00000| Untracked |  0
| 122|0x0000000088e00000, 0x0000000088e00000, 0x0000000088f00000|  0%| F|  |TAMS 0x0000000088e00000| PB 0x0000000088e00000| Untracked |  0
| 123|0x0000000088f00000, 0x0000000088f00000, 0x0000000089000000|  0%| F|  |TAMS 0x0000000088f00000| PB 0x0000000088f00000| Untracked |  0
| 124|0x0000000089000000, 0x0000000089000000, 0x0000000089100000|  0%| F|  |TAMS 0x0000000089000000| PB 0x0000000089000000| Untracked |  0
| 125|0x0000000089100000, 0x0000000089100000, 0x0000000089200000|  0%| F|  |TAMS 0x0000000089100000| PB 0x0000000089100000| Untracked |  0
| 126|0x0000000089200000, 0x000000008929b8b0, 0x0000000089300000| 60%| E|  |TAMS 0x0000000089200000| PB 0x0000000089200000| Complete |  0
| 127|0x0000000089300000, 0x0000000089400000, 0x0000000089400000|100%| E|CS|TAMS 0x0000000089300000| PB 0x0000000089300000| Complete |  0

Card table byte_map: [0x000001c5f19b0000,0x000001c5f1db0000] _byte_map_base: 0x000001c5f15a6000

Marking Bits: (CMBitMap*) 0x000001c5d9ed1d50
 Bits: [0x000001c5f1db0000, 0x000001c5f3d60000)

Polling page: 0x000001c5d7cc0000

Metaspace:

Usage:
  Non-class:     10.17 MB used.
      Class:      1.59 MB used.
       Both:     11.76 MB used.

Virtual space:
  Non-class space:       64.00 MB reserved,      10.31 MB ( 16%) committed,  1 nodes.
      Class space:        1.00 GB reserved,       1.75 MB ( <1%) committed,  1 nodes.
             Both:        1.06 GB reserved,      12.06 MB (  1%) committed. 

Chunk freelists:
   Non-Class:  5.64 MB
       Class:  14.23 MB
        Both:  19.88 MB

MaxMetaspaceSize: unlimited
CompressedClassSpaceSize: 1.00 GB
Initial GC threshold: 21.00 MB
Current GC threshold: 21.00 MB
CDS: on
 - commit_granule_bytes: 65536.
 - commit_granule_words: 8192.
 - virtual_space_node_default_size: 8388608.
 - enlarge_chunks_in_place: 1.
 - use_allocation_guard: 0.


Internal statistics:

num_allocs_failed_limit: 0.
num_arena_births: 290.
num_arena_deaths: 0.
num_vsnodes_births: 2.
num_vsnodes_deaths: 0.
num_space_committed: 193.
num_space_uncommitted: 0.
num_chunks_returned_to_freelist: 0.
num_chunks_taken_from_freelist: 705.
num_chunk_merges: 0.
num_chunk_splits: 433.
num_chunks_enlarged: 268.
num_inconsistent_stats: 0.

CodeHeap 'non-profiled nmethods': size=120128Kb used=557Kb max_used=557Kb free=119570Kb
 bounds [0x000001c5ea060000, 0x000001c5ea2d0000, 0x000001c5f15b0000]
CodeHeap 'profiled nmethods': size=120000Kb used=2528Kb max_used=2528Kb free=117472Kb
 bounds [0x000001c5e25b0000, 0x000001c5e2830000, 0x000001c5e9ae0000]
CodeHeap 'non-nmethods': size=5632Kb used=1417Kb max_used=1422Kb free=4215Kb
 bounds [0x000001c5e9ae0000, 0x000001c5e9d50000, 0x000001c5ea060000]
CodeCache: size=245760Kb, used=4502Kb, max_used=4507Kb, free=241257Kb
 total_blobs=2459, nmethods=1946, adapters=418, full_count=0
Compilation: enabled, stopped_count=0, restarted_count=0

Compilation events (20 events):
Event: 2.089 Thread 0x000001c5f61531b0 1828       3       java.util.concurrent.ConcurrentHashMap::sumCount (60 bytes)
Event: 2.089 Thread 0x000001c5f61531b0 nmethod 1828 0x000001c5e2805f88 code [0x000001c5e28060a0, 0x000001c5e28062d8]
Event: 2.093 Thread 0x000001c5f61531b0 1833       3       org.springframework.util.StringUtils::delimitedListToStringArray (7 bytes)
Event: 2.093 Thread 0x000001c5f61531b0 nmethod 1833 0x000001c5e2806308 code [0x000001c5e2806420, 0x000001c5e2806548]
Event: 2.104 Thread 0x000001c5f61531b0 1835       3       java.nio.Buffer::limit (65 bytes)
Event: 2.105 Thread 0x000001c5f61531b0 nmethod 1835 0x000001c5e2806608 code [0x000001c5e2806740, 0x000001c5e28069b8]
Event: 2.121 Thread 0x000001c5f61531b0 1836       3       java.lang.invoke.MemberName$Factory::resolveOrNull (54 bytes)
Event: 2.121 Thread 0x000001c5f61531b0 nmethod 1836 0x000001c5e2806a08 code [0x000001c5e2806b40, 0x000001c5e2806dd0]
Event: 2.141 Thread 0x000001c5f61531b0 1837       3       java.lang.invoke.MethodHandles$Lookup::findConstructor (61 bytes)
Event: 2.142 Thread 0x000001c5f61531b0 nmethod 1837 0x000001c5e2806e08 code [0x000001c5e2807000, 0x000001c5e2807818]
Event: 2.144 Thread 0x000001c5f61531b0 1838       3       jdk.internal.loader.BuiltinClassLoader::hasClassPath (13 bytes)
Event: 2.144 Thread 0x000001c5f61531b0 nmethod 1838 0x000001c5e2807888 code [0x000001c5e28079a0, 0x000001c5e2807b00]
Event: 2.145 Thread 0x000001c5f61531b0 1839       3       java.lang.invoke.BoundMethodHandle$Species_L::<init> (12 bytes)
Event: 2.145 Thread 0x000001c5f61531b0 nmethod 1839 0x000001c5e2807b88 code [0x000001c5e2807cc0, 0x000001c5e2807ed8]
Event: 2.145 Thread 0x000001c5f61531b0 1840       3       java.lang.invoke.LambdaFormEditor$TransformKey::ival (25 bytes)
Event: 2.145 Thread 0x000001c5f61531b0 nmethod 1840 0x000001c5e2807f08 code [0x000001c5e2808020, 0x000001c5e2808120]
Event: 2.152 Thread 0x000001c5f61531b0 1842       3       ch.qos.logback.classic.Logger::getChildByName (68 bytes)
Event: 2.152 Thread 0x000001c5f61531b0 nmethod 1842 0x000001c5e2808208 code [0x000001c5e2808380, 0x000001c5e28088f0]
Event: 2.167 Thread 0x000001c5f61531b0 1843       1       java.lang.ClassLoader::getUnnamedModule (5 bytes)
Event: 2.167 Thread 0x000001c5f61531b0 nmethod 1843 0x000001c5ea0e6108 code [0x000001c5ea0e6220, 0x000001c5ea0e62e8]

GC Heap History (6 events):
Event: 0.534 GC heap before
{Heap before GC invocations=0 (full 0):
 garbage-first heap   total reserved 2076672K, committed 131072K, used 8192K [0x0000000081400000, 0x0000000100000000)
  region size 1024K, 7 young (7168K), 0 survivors (0K)
 Metaspace       used 1318K, committed 1472K, reserved 1114112K
  class space    used 99K, committed 128K, reserved 1048576K
}
Event: 0.546 GC heap after
{Heap after GC invocations=1 (full 0):
 garbage-first heap   total reserved 2076672K, committed 131072K, used 6144K [0x0000000081400000, 0x0000000100000000)
  region size 1024K, 1 young (1024K), 1 survivors (1024K)
 Metaspace       used 1318K, committed 1472K, reserved 1114112K
  class space    used 99K, committed 128K, reserved 1048576K
}
Event: 0.931 GC heap before
{Heap before GC invocations=1 (full 0):
 garbage-first heap   total reserved 2076672K, committed 131072K, used 11264K [0x0000000081400000, 0x0000000100000000)
  region size 1024K, 6 young (6144K), 1 survivors (1024K)
 Metaspace       used 3427K, committed 3648K, reserved 1114112K
  class space    used 349K, committed 448K, reserved 1048576K
}
Event: 0.936 GC heap after
{Heap after GC invocations=2 (full 0):
 garbage-first heap   total reserved 2076672K, committed 131072K, used 6993K [0x0000000081400000, 0x0000000100000000)
  region size 1024K, 1 young (1024K), 1 survivors (1024K)
 Metaspace       used 3427K, committed 3648K, reserved 1114112K
  class space    used 349K, committed 448K, reserved 1048576K
}
Event: 1.725 GC heap before
{Heap before GC invocations=2 (full 0):
 garbage-first heap   total reserved 2076672K, committed 131072K, used 20305K [0x0000000081400000, 0x0000000100000000)
  region size 1024K, 14 young (14336K), 1 survivors (1024K)
 Metaspace       used 7710K, committed 8000K, reserved 1114112K
  class space    used 950K, committed 1088K, reserved 1048576K
}
Event: 1.735 GC heap after
{Heap after GC invocations=3 (full 0):
 garbage-first heap   total reserved 2076672K, committed 131072K, used 8192K [0x0000000081400000, 0x0000000100000000)
  region size 1024K, 2 young (2048K), 2 survivors (2048K)
 Metaspace       used 7710K, committed 8000K, reserved 1114112K
  class space    used 950K, committed 1088K, reserved 1048576K
}

Dll operation events (10 events):
Event: 0.025 Loaded shared library C:\Users\Wagner\.jdks\openjdk-23.0.1\bin\java.dll
Event: 0.090 Loaded shared library C:\Users\Wagner\.jdks\openjdk-23.0.1\bin\jsvml.dll
Event: 0.302 Loaded shared library C:\Users\Wagner\.jdks\openjdk-23.0.1\bin\zip.dll
Event: 0.308 Loaded shared library C:\Users\Wagner\.jdks\openjdk-23.0.1\bin\instrument.dll
Event: 0.324 Loaded shared library C:\Users\Wagner\.jdks\openjdk-23.0.1\bin\net.dll
Event: 0.326 Loaded shared library C:\Users\Wagner\.jdks\openjdk-23.0.1\bin\nio.dll
Event: 0.331 Loaded shared library C:\Users\Wagner\.jdks\openjdk-23.0.1\bin\zip.dll
Event: 0.478 Loaded shared library C:\Program Files\JetBrains\IntelliJ IDEA Community Edition 2024.2.3\bin\breakgen64.dll
Event: 0.498 Loaded shared library C:\Users\Wagner\.jdks\openjdk-23.0.1\bin\extnet.dll
Event: 0.563 Loaded shared library C:\Users\Wagner\.jdks\openjdk-23.0.1\bin\jimage.dll

Deoptimization events (20 events):
Event: 1.417 Thread 0x000001c5d7b89110 Uncommon trap: trap_request=0xffffff45 fr.pc=0x000001c5ea0bc920 relative=0x0000000000000880
Event: 1.417 Thread 0x000001c5d7b89110 Uncommon trap: reason=unstable_if action=reinterpret pc=0x000001c5ea0bc920 method=java.util.HashMap.putVal(ILjava/lang/Object;Ljava/lang/Object;ZZ)Ljava/lang/Object; @ 181 c2
Event: 1.417 Thread 0x000001c5d7b89110 DEOPT PACKING pc=0x000001c5ea0bc920 sp=0x000000415fcfea20
Event: 1.417 Thread 0x000001c5d7b89110 DEOPT UNPACKING pc=0x000001c5e9b34402 sp=0x000000415fcfe9c0 mode 2
Event: 1.684 Thread 0x000001c5d7b89110 Uncommon trap: trap_request=0xffffff45 fr.pc=0x000001c5ea0ab208 relative=0x00000000000001e8
Event: 1.684 Thread 0x000001c5d7b89110 Uncommon trap: reason=unstable_if action=reinterpret pc=0x000001c5ea0ab208 method=java.lang.String.startsWith(Ljava/lang/String;I)Z @ 1 c2
Event: 1.684 Thread 0x000001c5d7b89110 DEOPT PACKING pc=0x000001c5ea0ab208 sp=0x000000415fcfe180
Event: 1.684 Thread 0x000001c5d7b89110 DEOPT UNPACKING pc=0x000001c5e9b34402 sp=0x000000415fcfe110 mode 2
Event: 1.927 Thread 0x000001c5d7b89110 Uncommon trap: trap_request=0xffffff54 fr.pc=0x000001c5ea0dbb78 relative=0x0000000000000958
Event: 1.927 Thread 0x000001c5d7b89110 Uncommon trap: reason=speculate_null_assert action=make_not_entrant pc=0x000001c5ea0dbb78 method=java.util.jar.JarFile.getVersionedEntry(Ljava/lang/String;Ljava/util/jar/JarEntry;)Ljava/util/jar/JarEntry; @ 115 c2
Event: 1.927 Thread 0x000001c5d7b89110 DEOPT PACKING pc=0x000001c5ea0dbb78 sp=0x000000415fcfd4f0
Event: 1.927 Thread 0x000001c5d7b89110 DEOPT UNPACKING pc=0x000001c5e9b34402 sp=0x000000415fcfd4b8 mode 2
Event: 1.927 Thread 0x000001c5d7b89110 Uncommon trap: trap_request=0xffffff45 fr.pc=0x000001c5ea0aa818 relative=0x0000000000000678
Event: 1.927 Thread 0x000001c5d7b89110 Uncommon trap: reason=unstable_if action=reinterpret pc=0x000001c5ea0aa818 method=java.util.jar.JarFile.getEntry(Ljava/lang/String;)Ljava/util/zip/ZipEntry; @ 15 c2
Event: 1.927 Thread 0x000001c5d7b89110 DEOPT PACKING pc=0x000001c5ea0aa818 sp=0x000000415fcfd580
Event: 1.927 Thread 0x000001c5d7b89110 DEOPT UNPACKING pc=0x000001c5e9b34402 sp=0x000000415fcfd4c8 mode 2
Event: 1.928 Thread 0x000001c5d7b89110 Uncommon trap: trap_request=0xffffff45 fr.pc=0x000001c5ea0a7558 relative=0x00000000000005d8
Event: 1.928 Thread 0x000001c5d7b89110 Uncommon trap: reason=unstable_if action=reinterpret pc=0x000001c5ea0a7558 method=java.util.jar.JarFile.getEntry(Ljava/lang/String;)Ljava/util/zip/ZipEntry; @ 15 c2
Event: 1.928 Thread 0x000001c5d7b89110 DEOPT PACKING pc=0x000001c5ea0a7558 sp=0x000000415fcfce50
Event: 1.928 Thread 0x000001c5d7b89110 DEOPT UNPACKING pc=0x000001c5e9b34402 sp=0x000000415fcfce58 mode 2

Classes loaded (20 events):
Event: 2.105 Loading class java/io/PrintWriter$1
Event: 2.105 Loading class jdk/internal/access/JavaIOPrintWriterAccess
Event: 2.105 Loading class jdk/internal/access/JavaIOPrintWriterAccess done
Event: 2.105 Loading class java/io/PrintWriter$1 done
Event: 2.105 Loading class jdk/internal/io/JdkConsoleImpl$LineReader
Event: 2.105 Loading class jdk/internal/io/JdkConsoleImpl$LineReader done
Event: 2.105 Loading class java/io/ProxyingConsole
Event: 2.106 Loading class java/io/ProxyingConsole done
Event: 2.106 Loading class java/io/Console$1
Event: 2.106 Loading class jdk/internal/access/JavaIOAccess
Event: 2.106 Loading class jdk/internal/access/JavaIOAccess done
Event: 2.106 Loading class java/io/Console$1 done
Event: 2.114 Loading class java/util/regex/PatternSyntaxException
Event: 2.114 Loading class java/util/regex/PatternSyntaxException done
Event: 2.115 Loading class javax/xml/stream/XMLStreamException
Event: 2.115 Loading class javax/xml/stream/XMLStreamException done
Event: 2.139 Loading class org/xml/sax/SAXException
Event: 2.140 Loading class org/xml/sax/SAXException done
Event: 2.140 Loading class javax/xml/transform/Source
Event: 2.140 Loading class javax/xml/transform/Source done

Classes unloaded (0 events):
No events

Classes redefined (0 events):
No events

Internal exceptions (20 events):
Event: 1.556 Thread 0x000001c5d7b89110 Exception <a 'java/lang/NoSuchMethodError'{0x00000000888e6208}: 'java.lang.Object java.lang.invoke.DirectMethodHandle$Holder.invokeSpecial(java.lang.Object, java.lang.Object, java.lang.Object, java.lang.Object, java.lang.Object, java.lang.Object, int)'> (0x00000000888e6208) 
thrown [s\open\src\hotspot\share\interpreter\linkResolver.cpp, line 796]
Event: 1.557 Thread 0x000001c5d7b89110 Exception <a 'java/lang/NoSuchMethodError'{0x00000000888efb50}: 'java.lang.Object java.lang.invoke.DirectMethodHandle$Holder.newInvokeSpecial(java.lang.Object, java.lang.Object, java.lang.Object, java.lang.Object, java.lang.Object, java.lang.Object, int)'> (0x00000000888efb50) 
thrown [s\open\src\hotspot\share\interpreter\linkResolver.cpp, line 796]
Event: 1.558 Thread 0x000001c5d7b89110 Exception <a 'java/lang/NoSuchMethodError'{0x00000000888f41f8}: 'java.lang.Object java.lang.invoke.DirectMethodHandle$Holder.invokeSpecial(java.lang.Object, java.lang.Object, java.lang.Object, java.lang.Object, java.lang.Object, java.lang.Object, java.lang.Object, int)'> (0x00000000888f41f8) 
thrown [s\open\src\hotspot\share\interpreter\linkResolver.cpp, line 796]
Event: 1.661 Thread 0x000001c5d7b89110 Exception <a 'java/lang/NoSuchMethodError'{0x000000008860e120}: 'int java.lang.invoke.DirectMethodHandle$Holder.invokeInterface(java.lang.Object, java.lang.Object)'> (0x000000008860e120) 
thrown [s\open\src\hotspot\share\interpreter\linkResolver.cpp, line 796]
Event: 1.669 Thread 0x000001c5d7b89110 Exception <a 'java/lang/NoSuchMethodError'{0x000000008862f5b0}: 'void java.lang.invoke.DirectMethodHandle$Holder.invokeSpecial(java.lang.Object, java.lang.Object, java.lang.Object, java.lang.Object, java.lang.Object)'> (0x000000008862f5b0) 
thrown [s\open\src\hotspot\share\interpreter\linkResolver.cpp, line 796]
Event: 1.741 Thread 0x000001c5d7b89110 Exception <a 'java/lang/NoSuchMethodError'{0x000000008930eb58}: 'java.lang.Object java.lang.invoke.DirectMethodHandle$Holder.invokeSpecial(java.lang.Object, java.lang.Object, java.lang.Object, int, java.lang.Object)'> (0x000000008930eb58) 
thrown [s\open\src\hotspot\share\interpreter\linkResolver.cpp, line 796]
Event: 1.742 Thread 0x000001c5d7b89110 Exception <a 'java/lang/NoSuchMethodError'{0x0000000089316660}: 'java.lang.Object java.lang.invoke.DirectMethodHandle$Holder.newInvokeSpecial(java.lang.Object, java.lang.Object, java.lang.Object, int, java.lang.Object)'> (0x0000000089316660) 
thrown [s\open\src\hotspot\share\interpreter\linkResolver.cpp, line 796]
Event: 1.743 Thread 0x000001c5d7b89110 Exception <a 'java/lang/NoSuchMethodError'{0x000000008933ee20}: 'java.lang.Object java.lang.invoke.Invokers$Holder.linkToTargetMethod(java.lang.Object, java.lang.Object, int, java.lang.Object, java.lang.Object)'> (0x000000008933ee20) 
thrown [s\open\src\hotspot\share\interpreter\linkResolver.cpp, line 796]
Event: 1.744 Thread 0x000001c5d7b89110 Exception <a 'java/lang/NoSuchMethodError'{0x0000000089345a78}: 'int java.lang.invoke.DirectMethodHandle$Holder.invokeStatic(java.lang.Object, int, java.lang.Object, java.lang.Object)'> (0x0000000089345a78) 
thrown [s\open\src\hotspot\share\interpreter\linkResolver.cpp, line 796]
Event: 1.745 Thread 0x000001c5d7b89110 Exception <a 'java/lang/NoSuchMethodError'{0x000000008934cc40}: 'java.lang.Object java.lang.invoke.DirectMethodHandle$Holder.newInvokeSpecial(java.lang.Object, int, java.lang.Object)'> (0x000000008934cc40) 
thrown [s\open\src\hotspot\share\interpreter\linkResolver.cpp, line 796]
Event: 1.746 Thread 0x000001c5d7b89110 Exception <a 'java/lang/NoSuchMethodError'{0x0000000089351880}: 'int java.lang.invoke.DirectMethodHandle$Holder.invokeSpecialIFC(java.lang.Object, java.lang.Object, java.lang.Object, java.lang.Object)'> (0x0000000089351880) 
thrown [s\open\src\hotspot\share\interpreter\linkResolver.cpp, line 796]
Event: 1.814 Thread 0x000001c5d7b89110 Exception <a 'java/lang/NoSuchMethodError'{0x000000008911f8a8}: 'void java.lang.invoke.DirectMethodHandle$Holder.invokeInterface(java.lang.Object, java.lang.Object, java.lang.Object)'> (0x000000008911f8a8) 
thrown [s\open\src\hotspot\share\interpreter\linkResolver.cpp, line 796]
Event: 1.840 Thread 0x000001c5d7b89110 Exception <a 'java/lang/NoSuchMethodError'{0x00000000891818b8}: 'int java.lang.invoke.DirectMethodHandle$Holder.invokeVirtual(java.lang.Object, java.lang.Object)'> (0x00000000891818b8) 
thrown [s\open\src\hotspot\share\interpreter\linkResolver.cpp, line 796]
Event: 1.873 Thread 0x000001c5d7b89110 Exception <a 'java/lang/NoSuchMethodError'{0x00000000891c0088}: 'void java.lang.invoke.DirectMethodHandle$Holder.invokeStaticInit(java.lang.Object, java.lang.Object, java.lang.Object)'> (0x00000000891c0088) 
thrown [s\open\src\hotspot\share\interpreter\linkResolver.cpp, line 796]
Event: 1.882 Thread 0x000001c5d7b89110 Exception <a 'java/lang/NoSuchMethodError'{0x00000000890002d0}: 'java.lang.Object java.lang.invoke.DirectMethodHandle$Holder.invokeVirtual(java.lang.Object, java.lang.Object, java.lang.Object)'> (0x00000000890002d0) 
thrown [s\open\src\hotspot\share\interpreter\linkResolver.cpp, line 796]
Event: 1.931 Thread 0x000001c5d7b89110 Exception <a 'java/lang/NoSuchMethodError'{0x0000000089063168}: 'void java.lang.invoke.DirectMethodHandle$Holder.invokeVirtual(java.lang.Object, java.lang.Object, java.lang.Object, java.lang.Object)'> (0x0000000089063168) 
thrown [s\open\src\hotspot\share\interpreter\linkResolver.cpp, line 796]
Event: 2.044 Thread 0x000001c5d7b89110 Exception <a 'java/lang/NoSuchMethodError'{0x0000000088e2eb58}: 'java.lang.reflect.Field[] java.lang.Class.getDeclaredFields(java.lang.Class)'> (0x0000000088e2eb58) 
thrown [s\open\src\hotspot\share\interpreter\linkResolver.cpp, line 796]
Event: 2.067 Thread 0x000001c5d7b89110 Exception <a 'java/lang/NoSuchMethodError'{0x0000000088e33568}: 'java.lang.Object java.lang.invoke.DirectMethodHandle$Holder.invokeStatic(java.lang.Object, java.lang.Object, int)'> (0x0000000088e33568) 
thrown [s\open\src\hotspot\share\interpreter\linkResolver.cpp, line 796]
Event: 2.070 Thread 0x000001c5d7b89110 Exception <a 'java/lang/NoSuchMethodError'{0x0000000088e97f70}: 'void java.lang.invoke.DelegatingMethodHandle$Holder.delegate(java.lang.Object, java.lang.Object, int, java.lang.Object)'> (0x0000000088e97f70) 
thrown [s\open\src\hotspot\share\interpreter\linkResolver.cpp, line 796]
Event: 2.090 Thread 0x000001c5d7b89110 Exception <a 'java/lang/IncompatibleClassChangeError'{0x0000000088dce2a0}: Found class java.lang.Object, but interface was expected> (0x0000000088dce2a0) 
thrown [s\open\src\hotspot\share\interpreter\linkResolver.cpp, line 863]

VM Operations (20 events):
Event: 1.093 Executing VM operation: HandshakeAllThreads (Deoptimize)
Event: 1.093 Executing VM operation: HandshakeAllThreads (Deoptimize) done
Event: 1.262 Executing VM operation: HandshakeAllThreads (Deoptimize)
Event: 1.262 Executing VM operation: HandshakeAllThreads (Deoptimize) done
Event: 1.680 Executing VM operation: HandshakeAllThreads (Deoptimize)
Event: 1.680 Executing VM operation: HandshakeAllThreads (Deoptimize) done
Event: 1.725 Executing VM operation: G1CollectForAllocation (G1 Evacuation Pause)
Event: 1.735 Executing VM operation: G1CollectForAllocation (G1 Evacuation Pause) done
Event: 1.841 Executing VM operation: HandshakeAllThreads (Deoptimize)
Event: 1.841 Executing VM operation: HandshakeAllThreads (Deoptimize) done
Event: 2.009 Executing VM operation: HandshakeAllThreads (Deoptimize)
Event: 2.009 Executing VM operation: HandshakeAllThreads (Deoptimize) done
Event: 2.016 Executing VM operation: HandshakeAllThreads (Deoptimize)
Event: 2.016 Executing VM operation: HandshakeAllThreads (Deoptimize) done
Event: 2.016 Executing VM operation: HandshakeAllThreads (Deoptimize)
Event: 2.016 Executing VM operation: HandshakeAllThreads (Deoptimize) done
Event: 2.066 Executing VM operation: HandshakeAllThreads (Deoptimize)
Event: 2.066 Executing VM operation: HandshakeAllThreads (Deoptimize) done
Event: 2.096 Executing VM operation: HandshakeAllThreads (Deoptimize)
Event: 2.097 Executing VM operation: HandshakeAllThreads (Deoptimize) done

Memory protections (0 events):
No events

Nmethod flushes (0 events):
No events

Events (13 events):
Event: 0.058 Thread 0x000001c5d7b89110 Thread added: 0x000001c5d7b89110
Event: 0.084 Thread 0x000001c5d7b89110 Thread added: 0x000001c5f6112dc0
Event: 0.085 Thread 0x000001c5d7b89110 Thread added: 0x000001c5f6117bb0
Event: 0.085 Thread 0x000001c5d7b89110 Thread added: 0x000001c5f6118810
Event: 0.085 Thread 0x000001c5d7b89110 Thread added: 0x000001c5f611b280
Event: 0.085 Thread 0x000001c5d7b89110 Thread added: 0x000001c5f611bce0
Event: 0.085 Thread 0x000001c5d7b89110 Thread added: 0x000001c5f611c740
Event: 0.085 Thread 0x000001c5d7b89110 Thread added: 0x000001c5f611d4d0
Event: 0.090 Thread 0x000001c5d7b89110 Thread added: 0x000001c5f61531b0
Event: 0.261 Thread 0x000001c5d7b89110 Thread added: 0x000001c5c50bcd30
Event: 0.479 Thread 0x000001c5d7b89110 Thread added: 0x000001c5c53f25b0
Event: 0.479 Thread 0x000001c5d7b89110 Thread added: 0x000001c5c550d0e0
Event: 2.026 Thread 0x000001c5d7b89110 Thread added: 0x000001c5c5ed85d0


Dynamic libraries:
0x00007ff610210000 - 0x00007ff61021e000 	C:\Users\Wagner\.jdks\openjdk-23.0.1\bin\java.exe
0x00007ffd5f130000 - 0x00007ffd5f328000 	C:\WINDOWS\SYSTEM32\ntdll.dll
0x00007ffd5e580000 - 0x00007ffd5e642000 	C:\WINDOWS\System32\KERNEL32.DLL
0x00007ffd5cd00000 - 0x00007ffd5cffe000 	C:\WINDOWS\System32\KERNELBASE.dll
0x00007ffd5c820000 - 0x00007ffd5c920000 	C:\WINDOWS\System32\ucrtbase.dll
0x00007ffd56e60000 - 0x00007ffd56e7b000 	C:\Users\Wagner\.jdks\openjdk-23.0.1\bin\VCRUNTIME140.dll
0x00007ffd57f10000 - 0x00007ffd57f27000 	C:\Users\Wagner\.jdks\openjdk-23.0.1\bin\jli.dll
0x00007ffd5eea0000 - 0x00007ffd5f03d000 	C:\WINDOWS\System32\USER32.dll
0x00007ffd5c9b0000 - 0x00007ffd5c9d2000 	C:\WINDOWS\System32\win32u.dll
0x00007ffd49300000 - 0x00007ffd4959a000 	C:\WINDOWS\WinSxS\amd64_microsoft.windows.common-controls_6595b64144ccf1df_6.0.19041.4355_none_60b8b9eb71f62e16\COMCTL32.dll
0x00007ffd5f040000 - 0x00007ffd5f06b000 	C:\WINDOWS\System32\GDI32.dll
0x00007ffd5d2e0000 - 0x00007ffd5d37e000 	C:\WINDOWS\System32\msvcrt.dll
0x00007ffd5c9e0000 - 0x00007ffd5caf7000 	C:\WINDOWS\System32\gdi32full.dll
0x00007ffd5d0b0000 - 0x00007ffd5d14d000 	C:\WINDOWS\System32\msvcp_win.dll
0x00007ffd5d860000 - 0x00007ffd5d88f000 	C:\WINDOWS\System32\IMM32.DLL
0x00007ffd56bc0000 - 0x00007ffd56bcc000 	C:\Users\Wagner\.jdks\openjdk-23.0.1\bin\vcruntime140_1.dll
0x00007ffd22560000 - 0x00007ffd225ee000 	C:\Users\Wagner\.jdks\openjdk-23.0.1\bin\msvcp140.dll
0x00007ffcc4890000 - 0x00007ffcc55df000 	C:\Users\Wagner\.jdks\openjdk-23.0.1\bin\server\jvm.dll
0x00007ffd5eac0000 - 0x00007ffd5eb71000 	C:\WINDOWS\System32\ADVAPI32.dll
0x00007ffd5d9b0000 - 0x00007ffd5da4f000 	C:\WINDOWS\System32\sechost.dll
0x00007ffd5dce0000 - 0x00007ffd5de03000 	C:\WINDOWS\System32\RPCRT4.dll
0x00007ffd5cc60000 - 0x00007ffd5cc87000 	C:\WINDOWS\System32\bcrypt.dll
0x00007ffd5da50000 - 0x00007ffd5dabb000 	C:\WINDOWS\System32\WS2_32.dll
0x00007ffd5bce0000 - 0x00007ffd5bd2b000 	C:\WINDOWS\SYSTEM32\POWRPROF.dll
0x00007ffd4c280000 - 0x00007ffd4c2a7000 	C:\WINDOWS\SYSTEM32\WINMM.dll
0x00007ffd4ff10000 - 0x00007ffd4ff1a000 	C:\WINDOWS\SYSTEM32\VERSION.dll
0x00007ffd5bb90000 - 0x00007ffd5bba2000 	C:\WINDOWS\SYSTEM32\UMPDC.dll
0x00007ffd5a610000 - 0x00007ffd5a622000 	C:\WINDOWS\SYSTEM32\kernel.appcore.dll
0x00007ffd55f70000 - 0x00007ffd55f7a000 	C:\Users\Wagner\.jdks\openjdk-23.0.1\bin\jimage.dll
0x00007ffd389a0000 - 0x00007ffd38b84000 	C:\WINDOWS\SYSTEM32\DBGHELP.DLL
0x00007ffd3b920000 - 0x00007ffd3b954000 	C:\WINDOWS\SYSTEM32\dbgcore.DLL
0x00007ffd5c920000 - 0x00007ffd5c9a2000 	C:\WINDOWS\System32\bcryptPrimitives.dll
0x00007ffd49ae0000 - 0x00007ffd49aef000 	C:\Users\Wagner\.jdks\openjdk-23.0.1\bin\instrument.dll
0x00007ffd4b570000 - 0x00007ffd4b58e000 	C:\Users\Wagner\.jdks\openjdk-23.0.1\bin\java.dll
0x00007ffd5d3a0000 - 0x00007ffd5d4cb000 	C:\WINDOWS\System32\ole32.dll
0x00007ffd5d4d0000 - 0x00007ffd5d823000 	C:\WINDOWS\System32\combase.dll
0x00007ffd5de10000 - 0x00007ffd5e57d000 	C:\WINDOWS\System32\SHELL32.dll
0x00007ffd5a810000 - 0x00007ffd5afb4000 	C:\WINDOWS\SYSTEM32\windows.storage.dll
0x00007ffd5c120000 - 0x00007ffd5c14e000 	C:\WINDOWS\SYSTEM32\Wldp.dll
0x00007ffd5d210000 - 0x00007ffd5d2dd000 	C:\WINDOWS\System32\OLEAUT32.dll
0x00007ffd5ebe0000 - 0x00007ffd5ec8d000 	C:\WINDOWS\System32\SHCORE.dll
0x00007ffd5d150000 - 0x00007ffd5d1a5000 	C:\WINDOWS\System32\shlwapi.dll
0x00007ffd5c700000 - 0x00007ffd5c724000 	C:\WINDOWS\SYSTEM32\profapi.dll
0x00007ffcf7bf0000 - 0x00007ffcf7cc7000 	C:\Users\Wagner\.jdks\openjdk-23.0.1\bin\jsvml.dll
0x00007ffd37ad0000 - 0x00007ffd37ae7000 	C:\Users\Wagner\.jdks\openjdk-23.0.1\bin\zip.dll
0x00007ffd54c80000 - 0x00007ffd54c90000 	C:\Users\Wagner\.jdks\openjdk-23.0.1\bin\net.dll
0x00007ffd5bf00000 - 0x00007ffd5bf6a000 	C:\WINDOWS\system32\mswsock.dll
0x00007ffd49a80000 - 0x00007ffd49a96000 	C:\Users\Wagner\.jdks\openjdk-23.0.1\bin\nio.dll
0x00007ffd37ab0000 - 0x00007ffd37aca000 	C:\Program Files\JetBrains\IntelliJ IDEA Community Edition 2024.2.3\bin\breakgen64.dll
0x00007ffd49a70000 - 0x00007ffd49a79000 	C:\Users\Wagner\.jdks\openjdk-23.0.1\bin\extnet.dll

dbghelp: loaded successfully - version: 4.0.5 - missing functions: none
symbol engine: initialized successfully - sym options: 0x614 - pdb path: .;C:\Users\Wagner\.jdks\openjdk-23.0.1\bin;C:\WINDOWS\SYSTEM32;C:\WINDOWS\WinSxS\amd64_microsoft.windows.common-controls_6595b64144ccf1df_6.0.19041.4355_none_60b8b9eb71f62e16;C:\Users\Wagner\.jdks\openjdk-23.0.1\bin\server;C:\Program Files\JetBrains\IntelliJ IDEA Community Edition 2024.2.3\bin

VM Arguments:
jvm_args: -javaagent:C:\Program Files\JetBrains\IntelliJ IDEA Community Edition 2024.2.3\lib\idea_rt.jar=56826:C:\Program Files\JetBrains\IntelliJ IDEA Community Edition 2024.2.3\bin -Dfile.encoding=UTF-8 -Dsun.stdout.encoding=UTF-8 -Dsun.stderr.encoding=UTF-8 
java_command: com.devsuperior.dsCamadaCrudExcVal.DsCamadaCrudExcValApplication
java_class_path (initial): D:\Estudos\Java\Aula Spring\dsCamadaCrudExcVal\target\classes;C:\Users\Wagner\.m2\repository\org\springframework\boot\spring-boot-starter-data-jpa\3.4.1\spring-boot-starter-data-jpa-3.4.1.jar;C:\Users\Wagner\.m2\repository\org\springframework\boot\spring-boot-starter\3.4.1\spring-boot-starter-3.4.1.jar;C:\Users\Wagner\.m2\repository\org\springframework\boot\spring-boot\3.4.1\spring-boot-3.4.1.jar;C:\Users\Wagner\.m2\repository\org\springframework\boot\spring-boot-autoconfigure\3.4.1\spring-boot-autoconfigure-3.4.1.jar;C:\Users\Wagner\.m2\repository\org\springframework\boot\spring-boot-starter-logging\3.4.1\spring-boot-starter-logging-3.4.1.jar;C:\Users\Wagner\.m2\repository\ch\qos\logback\logback-classic\1.5.12\logback-classic-1.5.12.jar;C:\Users\Wagner\.m2\repository\ch\qos\logback\logback-core\1.5.12\logback-core-1.5.12.jar;C:\Users\Wagner\.m2\repository\org\apache\logging\log4j\log4j-to-slf4j\2.24.3\log4j-to-slf4j-2.24.3.jar;C:\Users\Wagner\.m2\repository\org\apache\logging\log4j\log4j-api\2.24.3\log4j-api-2.24.3.jar;C:\Users\Wagner\.m2\repository\org\slf4j\jul-to-slf4j\2.0.16\jul-to-slf4j-2.0.16.jar;C:\Users\Wagner\.m2\repository\jakarta\annotation\jakarta.annotation-api\2.1.1\jakarta.annotation-api-2.1.1.jar;C:\Users\Wagner\.m2\repository\org\yaml\snakeyaml\2.3\snakeyaml-2.3.jar;C:\Users\Wagner\.m2\repository\org\springframework\boot\spring-boot-starter-jdbc\3.4.1\spring-boot-starter-jdbc-3.4.1.jar;C:\Users\Wagner\.m2\repository\com\zaxxer\HikariCP\5.1.0\HikariCP-5.1.0.jar;C:\Users\Wagner\.m2\repository\org\springframework\spring-jdbc\6.2.1\spring-jdbc-6.2.1.jar;C:\Users\Wagner\.m2\repository\org\hibernate\orm\hibernate-core\6.6.4.Final\hibernate-core-6.6.4.Final.jar;C:\Users\Wagner\.m2\repository\jakarta\persistence\jakarta.persistence-api\3.1.0\jakarta.persistence-api-3.1.0.jar;C:\Users\Wagner\.m2\repository\jakarta\transaction\jakarta.transaction-api\2.0.1\jakarta.transaction-api-2.0.1.jar;C:\Users\Wagner\.m2\repository\org\hibernate\common\hibernate-commons-annotations\7.0.3.Final\hibernate-commons-annotations-7.0.3.Final.jar;C:\Users\Wagner\.m2\repository\io\smallrye\jandex\3.2.0\jandex-3.2.0.jar;C:\Users\Wagner\.m2\repository\net\bytebuddy\byte-buddy\1.15.11\byte-buddy-1.15.11.jar;C:\Users\Wagner\.m2\repository\org\glassfish\jaxb\jaxb-runtime\4.0.5\jaxb-runtime-4.0.5.jar;C:\Users\Wagner\.m2\repository\org\glassfish\jaxb\jaxb-core\4.0.5\jaxb-core-4.0.5.jar;C:\Users\Wagner\.m2\repository\org\eclipse\angus\angus-activation\2.0.2\angus-activation-2.0.2.jar;C:\Users\Wagner\.m2\repository\org\glassfish\jaxb\txw2\4.0.5\txw2-4.0.5.jar;C:\Users\Wagner\.m2\repository\com\sun\istack\istack-commons-runtime\4.1.2\istack-commons-runtime-4.1.2.jar;C:\Users\Wagner\.m2\repository\jakarta\inject\jakarta.inject-api\2.0.1\jakarta.inject-api-2.0.1.jar;C:\Users\Wagner\.m2\repository\org\antlr\antlr4-runtime\4.13.0\antlr4-runtime-4.13.0.jar;C:\Users\Wagner\.m2\repository\org\springframework\data\spring-data-jpa\3.4.1\spring-data-jpa-3.4.1.jar;C:\Users\Wagner\.m2\repository\org\springframework\data\spring-data-commons\3.4.1\spring-data-commons-3.4.1.jar;C:\Users\Wagner\.m2\repository\org\springframework\spring-orm\6.2.1\spring-orm-6.2.1.jar;C:\Users\Wagner\.m2\repository\org\springframework\spring-context\6.2.1\spring-context-6.2.1.jar;C:\Users\Wagner\.m2\repository\org\springframework\spring-aop\6.2.1\spring-aop-6.2.1.jar;C:\Users\Wagner\.m2\repository\org\springframework\spring-tx\6.2.1\spring-tx-6.2.1.jar;C:\Users\Wagner\.m2\repository\org\springframework\spring-beans\6.2.1\spring-beans-6.2.1.jar;C:\Users\Wagner\.m2\repository\org\slf4j\slf4j-api\2.0.16\slf4j-api-2.0.16.jar;C:\Users\Wagner\.m2\repository\org\springframework\spring-aspects\6.2.1\spring-aspects-6.2.1.jar;C:\Users\Wagner\.m2\repository\org\aspectj\aspectjweaver\1.9.22.1\aspectjweaver-1.9.22.1.jar;C:\Users\Wagner\.m2\repository\org\springframework\boot\spring-boot-starter-validation\3.4.1\spring-boot-starter-validation-3.4.1.jar;C:\Users\Wagner\.m2\repository\org\apache\tomcat\embed\tomcat-embed-el\10.1.34\tomcat-embed-el-10.1.34.jar;C:\Users\Wagner\.m2\repository\org\springframework\boot\spring-boot-starter-web\3.4.1\spring-boot-starter-web-3.4.1.jar;C:\Users\Wagner\.m2\repository\org\springframework\boot\spring-boot-starter-json\3.4.1\spring-boot-starter-json-3.4.1.jar;C:\Users\Wagner\.m2\repository\com\fasterxml\jackson\core\jackson-databind\2.18.2\jackson-databind-2.18.2.jar;C:\Users\Wagner\.m2\repository\com\fasterxml\jackson\core\jackson-annotations\2.18.2\jackson-annotations-2.18.2.jar;C:\Users\Wagner\.m2\repository\com\fasterxml\jackson\core\jackson-core\2.18.2\jackson-core-2.18.2.jar;C:\Users\Wagner\.m2\repository\com\fasterxml\jackson\datatype\jackson-datatype-jdk8\2.18.2\jackson-datatype-jdk8-2.18.2.jar;C:\Users\Wagner\.m2\repository\com\fasterxml\jackson\datatype\jackson-datatype-jsr310\2.18.2\jackson-datatype-jsr310-2.18.2.jar;C:\Users\Wagner\.m2\repository\com\fasterxml\jackson\module\jackson-module-parameter-names\2.18.2\jackson-module-parameter-names-2.18.2.jar;C:\Users\Wagner\.m2\repository\org\springframework\boot\spring-boot-starter-tomcat\3.4.1\spring-boot-starter-tomcat-3.4.1.jar;C:\Users\Wagner\.m2\repository\org\apache\tomcat\embed\tomcat-embed-core\10.1.34\tomcat-embed-core-10.1.34.jar;C:\Users\Wagner\.m2\repository\org\apache\tomcat\embed\tomcat-embed-websocket\10.1.34\tomcat-embed-websocket-10.1.34.jar;C:\Users\Wagner\.m2\repository\org\springframework\spring-web\6.2.1\spring-web-6.2.1.jar;C:\Users\Wagner\.m2\repository\io\micrometer\micrometer-observation\1.14.2\micrometer-observation-1.14.2.jar;C:\Users\Wagner\.m2\repository\io\micrometer\micrometer-commons\1.14.2\micrometer-commons-1.14.2.jar;C:\Users\Wagner\.m2\repository\org\springframework\spring-webmvc\6.2.1\spring-webmvc-6.2.1.jar;C:\Users\Wagner\.m2\repository\org\springframework\spring-expression\6.2.1\spring-expression-6.2.1.jar;C:\Users\Wagner\.m2\repository\com\h2database\h2\2.3.232\h2-2.3.232.jar;C:\Users\Wagner\.m2\repository\jakarta\xml\bind\jakarta.xml.bind-api\4.0.2\jakarta.xml.bind-api-4.0.2.jar;C:\Users\Wagner\.m2\repository\jakarta\activation\jakarta.activation-api\2.1.3\jakarta.activation-api-2.1.3.jar;C:\Users\Wagner\.m2\repository\org\springframework\spring-core\6.2.1\spring-core-6.2.1.jar;C:\Users\Wagner\.m2\repository\org\springframework\spring-jcl\6.2.1\spring-jcl-6.2.1.jar;C:\Users\Wagner\.m2\repository\jakarta\validation\jakarta.validation-api\3.0.2\jakarta.validation-api-3.0.2.jar;C:\Users\Wagner\.m2\repository\org\hibernate\validator\hibernate-validator\8.0.0.CR2\hibernate-validator-8.0.0.CR2.jar;C:\Users\Wagner\.m2\repository\org\jboss\logging\jboss-logging\3.6.1.Final\jboss-logging-3.6.1.Final.jar;C:\Users\Wagner\.m2\repository\com\fasterxml\classmate\1.7.0\classmate-1.7.0.jar
Launcher Type: SUN_STANDARD

[Global flags]
     intx CICompilerCount                          = 2                                         {product} {ergonomic}
     uint ConcGCThreads                            = 1                                         {product} {ergonomic}
     uint G1ConcRefinementThreads                  = 3                                         {product} {ergonomic}
   size_t G1HeapRegionSize                         = 1048576                                   {product} {ergonomic}
   size_t InitialHeapSize                          = 134217728                                 {product} {ergonomic}
   size_t MarkStackSize                            = 4194304                                   {product} {ergonomic}
   size_t MarkStackSizeMax                         = 536870912                                 {product} {ergonomic}
   size_t MaxHeapSize                              = 2126512128                                {product} {ergonomic}
   size_t MaxNewSize                               = 1275068416                                {product} {ergonomic}
   size_t MinHeapDeltaBytes                        = 1048576                                   {product} {ergonomic}
   size_t MinHeapSize                              = 8388608                                   {product} {ergonomic}
    uintx NonNMethodCodeHeapSize                   = 5767168                                {pd product} {ergonomic}
    uintx NonProfiledCodeHeapSize                  = 123011072                              {pd product} {ergonomic}
    uintx ProfiledCodeHeapSize                     = 122880000                              {pd product} {ergonomic}
    uintx ReservedCodeCacheSize                    = 251658240                              {pd product} {ergonomic}
     bool SegmentedCodeCache                       = true                                      {product} {ergonomic}
   size_t SoftMaxHeapSize                          = 2126512128                             {manageable} {ergonomic}
     bool UseCompressedOops                        = true                           {product lp64_product} {ergonomic}
     bool UseG1GC                                  = true                                      {product} {ergonomic}
     bool UseLargePagesIndividualAllocation        = false                                  {pd product} {ergonomic}

Logging:
Log output configuration:
 #0: stdout all=warning uptime,level,tags foldmultilines=false
 #1: stderr all=off uptime,level,tags foldmultilines=false

Environment Variables:
PATH=C:\Program Files\Common Files\Oracle\Java\javapath;C:\WINDOWS\system32;C:\WINDOWS;C:\WINDOWS\System32\Wbem;C:\WINDOWS\System32\WindowsPowerShell\v1.0\;C:\WINDOWS\System32\OpenSSH\;C:\Program Files\Microsoft SQL Server\Client SDK\ODBC\170\Tools\Binn\;C:\Program Files\Azure Data Studio\bin;C:\Program Files (x86)\Microsoft SQL Server\150\Tools\Binn\;C:\Program Files\Microsoft SQL Server\150\Tools\Binn\;C:\Program Files\Microsoft SQL Server\150\DTS\Binn\;C:\Program Files (x86)\Microsoft SQL Server\150\DTS\Binn\;C:\Program Files\Git\cmd;C:\Program Files\nodejs\;C:\Program Files\Docker\Docker\resources\bin;C:\Program Files\dotnet\;C:\Program Files (x86)\Microsoft SQL Server\160\Tools\Binn\;C:\Program Files\Microsoft SQL Server\160\Tools\Binn\;C:\Program Files\Microsoft SQL Server\160\DTS\Binn\;C:\Program Files (x86)\Microsoft SQL Server\160\DTS\Binn\;C:\Users\Wagner\AppData\Local\Microsoft\WindowsApps;C:\Program Files\Azure Data Studio\bin;C:\Users\Wagner\AppData\Roaming\npm;C:\Users\Wagner\AppData\Local\Programs\Microsoft VS Code\bin;C:\Users\Wagner\.dotnet\tools;C:\Users\Wagner\AppData\Local\GitHubDesktop\bin
USERNAME=Wagner
OS=Windows_NT
PROCESSOR_IDENTIFIER=Intel64 Family 6 Model 61 Stepping 4, GenuineIntel
TMP=C:\Users\Wagner\AppData\Local\Temp
TEMP=C:\Users\Wagner\AppData\Local\Temp




Periodic native trim disabled

---------------  S Y S T E M  ---------------

OS:
 Windows 10 , 64 bit Build 19041 (10.0.19041.5198)
OS uptime: 0 days 2:53 hours
Hyper-V role detected

CPU: total 3 (initial active 3) (2 cores per cpu, 2 threads per core) family 6 model 61 stepping 4 microcode 0x2d, cx8, cmov, fxsr, ht, mmx, 3dnowpref, sse, sse2, sse3, ssse3, sse4.1, sse4.2, popcnt, lzcnt, tsc, tscinvbit, avx, avx2, aes, erms, clmul, bmi1, bmi2, adx, fma, vzeroupper, clflush, hv, rdtscp, f16c
Processor Information for the first 3 processors :
  Max Mhz: 2394, Current Mhz: 2394, Mhz Limit: 2394

Memory: 4k page, system-wide physical 8106M (1120M free)
TotalPageFile size 10015M (AvailPageFile size 16M)
current process WorkingSet (physical memory assigned to process): 95M, peak: 95M
current process commit charge ("private bytes"): 229M, peak: 229M

vm_info: OpenJDK 64-Bit Server VM (23.0.1+11-39) for windows-amd64 JRE (23.0.1+11-39), built on 2024-09-30T07:20:43Z with MS VC++ 17.6 (VS2022)

END.
